real 8.34
user 8.47
sys 0.02
real 8.03
user 8.20
sys 0.02
real 8.20
user 8.35
sys 0.04
real 8.16
user 8.32
sys 0.03
real 8.09
user 8.26
sys 0.01
real 8.05
user 8.16
sys 0.07
real 8.09
user 8.26
sys 0.02
real 8.19
user 8.35
sys 0.03
real 8.08
user 8.23
sys 0.04
real 8.14
user 8.28
sys 0.05
real 8.15
user 8.30
sys 0.02
real 7.98
user 8.12
sys 0.04
real 8.12
user 8.27
sys 0.04
real 8.14
user 8.30
sys 0.02
real 8.14
user 8.27
sys 0.04
real 8.11
user 8.27
sys 0.02
real 8.10
user 8.24
sys 0.04
real 8.05
user 8.21
sys 0.02
real 8.09
user 8.24
sys 0.04
real 8.06
user 8.22
sys 0.02
real 8.08
user 8.23
sys 0.04
real 8.15
user 8.31
sys 0.02
real 8.02
user 8.17
sys 0.03
real 8.11
user 8.26
sys 0.03
real 8.06
user 8.21
sys 0.03
real 8.06
user 8.20
sys 0.04
real 8.12
user 8.26
sys 0.04
real 8.13
user 8.26
sys 0.05
real 8.04
user 8.16
sys 0.06
real 8.18
user 8.34
sys 0.02
real 8.08
user 8.22
sys 0.03

//Output das respectivas execuções

22947.476573635435
23391.63291359014
23533.650704552165
22837.684513818014
21364.395255670606
25356.5471506162
22359.129355459743
24669.579618461506
24828.18205423791
23315.41373620623
25225.342576661027
19693.13492760414
23263.16526660984
23054.604769046182
24837.452750720997
20752.11678085837
22559.793061350516
24921.516118439067
20797.172518123614
24346.719256227403
24808.56597876358
21952.605529915814
23428.81050460968
23123.504405583284
21314.466189769188
21078.437460040634
24586.999474894455
22448.622542524114
23465.166707804885
24641.516033762193
25164.70659943317