real 39.42
user 40.40
sys 0.20
real 39.07
user 40.05
sys 0.25
real 39.24
user 40.23
sys 0.22
real 39.09
user 40.04
sys 0.25
real 39.08
user 40.09
sys 0.19
real 38.98
user 39.93
sys 0.26
real 38.98
user 39.96
sys 0.22
real 39.14
user 40.10
sys 0.24
real 39.03
user 40.02
sys 0.20
real 39.17
user 40.15
sys 0.21
real 39.11
user 40.11
sys 0.19
real 39.17
user 40.17
sys 0.19
real 39.04
user 40.04
sys 0.19
real 39.12
user 40.06
sys 0.25
real 38.96
user 39.95
sys 0.22
real 39.10
user 40.08
sys 0.23
real 39.05
user 40.05
sys 0.19
real 39.05
user 40.07
sys 0.17
real 39.13
user 40.05
sys 0.27
real 39.02
user 40.01
sys 0.21
real 39.02
user 40.04
sys 0.17
real 39.06
user 40.11
sys 0.15
real 39.19
user 40.15
sys 0.24
real 39.19
user 40.20
sys 0.18
real 39.18
user 40.15
sys 0.21
real 39.01
user 39.97
sys 0.23
real 38.98
user 39.97
sys 0.21
real 39.00
user 40.00
sys 0.19
real 38.95
user 39.91
sys 0.25
real 39.10
user 40.12
sys 0.17
real 39.08
user 40.05
sys 0.24

//Output das respectivas execuções

13262.997446047279
14334.538885444437
13496.205886308146
13176.88391631859
14283.674869781917
14104.783110604052
14224.821782712143
13264.471991090419
14364.08414223106
13968.159842087476
13876.082451324539
13237.589129450846
13638.947564778546
13271.424559128382
14071.015060786023
13305.388623578729
14327.007131745917
14216.385550339106
14091.551180985305
13393.619031114937
13115.372543249294
14256.805036391801
13851.858614428413
14085.329183817059
13633.019420663213
13294.916081196116
13692.02366679361
14476.33669079749
13357.145139290153
13838.568808111453
12918.520012488323