5.42
5.11
5.13
5.15
5.09
5.16
5.12
5.11
5.17
5.14
5.15
5.16
5.17
5.14
5.12
5.12
5.17
5.16
5.08
5.17
5.21
5.17
5.19
5.19
5.11
5.11
5.18
5.13
5.13
5.17
5.19

//Output das respectivas execuções

10787.229557765842
10850.524638520614
9691.434681142668
10258.414221986248
10054.08499093588
8676.915417536798
9532.730495555003
9602.83534217595
10592.99555564243
9937.621799052014
10743.260975920732
9709.90659519738
10001.052165659416
9725.987891228207
10526.63706529439
10156.362414094581
9936.254006784633
9537.747732561358
8821.22949894767
9491.347688107173
11152.24999365844
10137.65014725838
9079.255531647521
9825.998170919578
9902.906175713983
10294.970185879863
9834.04745079288
10322.837806308486
11156.338266536044
8734.448760493455
10240.374232170145