real 15.39
user 41.63
sys 0.44
real 15.12
user 40.03
sys 0.42
real 15.28
user 41.73
sys 0.39
real 15.21
user 41.41
sys 0.38
real 15.02
user 37.25
sys 0.44
real 15.44
user 41.48
sys 0.45
real 15.20
user 41.27
sys 0.34
real 15.24
user 41.39
sys 0.32
real 15.23
user 41.67
sys 0.49
real 15.04
user 38.13
sys 0.43
real 15.49
user 41.95
sys 0.37
real 15.48
user 41.92
sys 0.30
real 15.19
user 41.54
sys 0.37
real 15.17
user 41.30
sys 0.45
real 15.17
user 41.25
sys 0.37
real 15.23
user 41.25
sys 0.44
real 15.23
user 41.24
sys 0.32
real 15.18
user 41.20
sys 0.36
real 14.82
user 36.53
sys 0.40
real 15.47
user 41.61
sys 0.40
real 15.19
user 41.43
sys 0.40
real 15.05
user 41.17
sys 0.40
real 15.08
user 41.29
sys 0.37
real 15.24
user 41.45
sys 0.41
real 15.22
user 41.39
sys 0.37
real 14.81
user 36.54
sys 0.46
real 15.21
user 41.30
sys 0.41
real 15.20
user 41.34
sys 0.39
real 15.25
user 41.55
sys 0.41
real 15.16
user 41.08
sys 0.38
real 14.86
user 37.32
sys 0.43
