real 8.25
user 8.32
sys 0.05
real 8.00
user 8.14
sys 0.03
real 8.06
user 8.21
sys 0.03
real 8.11
user 8.27
sys 0.02
real 8.14
user 8.29
sys 0.04
real 8.08
user 8.22
sys 0.04
real 8.07
user 8.21
sys 0.04
real 8.14
user 8.30
sys 0.02
real 8.15
user 8.30
sys 0.03
real 8.04
user 8.16
sys 0.06
real 8.14
user 8.29
sys 0.04
real 8.11
user 8.26
sys 0.03
real 8.09
user 8.23
sys 0.04
real 8.11
user 8.25
sys 0.03
real 8.05
user 8.20
sys 0.03
real 8.08
user 8.23
sys 0.02
real 8.11
user 8.28
sys 0.02
real 8.02
user 8.17
sys 0.02
real 7.99
user 8.12
sys 0.05
real 8.07
user 8.22
sys 0.02
real 8.04
user 8.18
sys 0.03
real 8.03
user 8.15
sys 0.05
real 8.11
user 8.27
sys 0.02
real 7.99
user 8.14
sys 0.02
real 8.19
user 8.34
sys 0.03
real 8.16
user 8.32
sys 0.02
real 7.98
user 8.14
sys 0.02
real 8.08
user 8.25
sys 0.01
real 8.06
user 8.22
sys 0.02
real 8.16
user 8.32
sys 0.01
real 8.09
user 8.23
sys 0.04
