real 39.33
user 40.22
sys 0.29
real 39.17
user 40.11
sys 0.28
real 38.99
user 39.94
sys 0.27
real 39.15
user 40.10
sys 0.25
real 38.87
user 39.82
sys 0.16
real 39.09
user 40.05
sys 0.18
real 38.93
user 39.86
sys 0.18
real 39.14
user 40.15
sys 0.19
real 39.12
user 40.17
sys 0.15
real 38.91
user 39.80
sys 0.21
real 39.13
user 40.02
sys 0.21
real 39.09
user 40.09
sys 0.20
real 39.06
user 40.01
sys 0.24
real 38.92
user 39.80
sys 0.22
real 39.11
user 40.14
sys 0.16
real 39.05
user 39.99
sys 0.25
real 39.08
user 40.05
sys 0.23
real 38.99
user 39.91
sys 0.29
real 39.15
user 40.11
sys 0.24
real 39.04
user 39.96
sys 0.18
real 39.09
user 39.99
sys 0.21
real 38.86
user 39.73
sys 0.22
real 39.12
user 40.12
sys 0.20
real 38.99
user 39.94
sys 0.24
real 38.96
user 39.95
sys 0.22
real 39.09
user 40.06
sys 0.22
real 39.00
user 40.02
sys 0.18
real 38.91
user 39.80
sys 0.20
real 39.13
user 40.09
sys 0.21
real 39.03
user 40.05
sys 0.17
real 39.07
user 40.04
sys 0.24
