real 3.63
user 8.85
sys 0.13
real 3.45
user 8.58
sys 0.10
real 3.45
user 8.60
sys 0.09
real 3.44
user 8.59
sys 0.09
real 3.46
user 8.64
sys 0.07
real 3.44
user 8.58
sys 0.10
real 3.45
user 8.60
sys 0.08
real 3.47
user 8.65
sys 0.09
real 3.47
user 8.65
sys 0.10
real 3.44
user 8.59
sys 0.10
real 3.42
user 8.55
sys 0.10
real 3.45
user 8.59
sys 0.10
real 3.45
user 8.64
sys 0.08
real 3.44
user 8.57
sys 0.10
real 3.45
user 8.60
sys 0.10
real 3.46
user 8.61
sys 0.07
real 3.44
user 8.60
sys 0.07
real 3.46
user 8.61
sys 0.10
real 3.45
user 8.61
sys 0.09
real 3.43
user 8.54
sys 0.12
real 3.44
user 8.60
sys 0.06
real 3.45
user 8.56
sys 0.10
real 3.45
user 8.58
sys 0.12
real 3.44
user 8.60
sys 0.08
real 3.44
user 8.57
sys 0.07
real 3.45
user 8.61
sys 0.08
real 3.44
user 8.53
sys 0.14
real 3.47
user 8.64
sys 0.08
real 3.45
user 8.59
sys 0.10
real 3.44
user 8.63
sys 0.06
real 3.43
user 8.55
sys 0.13
