real 5.42
user 5.47
sys 0.04
real 5.11
user 5.21
sys 0.02
real 5.11
user 5.22
sys 0.02
real 5.20
user 5.32
sys 0.01
real 5.13
user 5.24
sys 0.02
real 5.20
user 5.31
sys 0.02
real 5.16
user 5.29
sys 0.00
real 5.14
user 5.26
sys 0.01
real 5.11
user 5.21
sys 0.03
real 5.17
user 5.27
sys 0.02
real 5.16
user 5.27
sys 0.02
real 5.22
user 5.33
sys 0.01
real 5.12
user 5.24
sys 0.01
real 5.18
user 5.29
sys 0.02
real 5.23
user 5.34
sys 0.02
real 5.18
user 5.28
sys 0.03
real 5.19
user 5.25
sys 0.07
real 5.14
user 5.24
sys 0.02
real 5.13
user 5.23
sys 0.02
real 5.13
user 5.24
sys 0.02
real 5.13
user 5.25
sys 0.01
real 5.21
user 5.31
sys 0.03
real 5.21
user 5.33
sys 0.01
real 5.14
user 5.25
sys 0.02
real 5.11
user 5.21
sys 0.02
real 5.13
user 5.25
sys 0.02
real 5.13
user 5.24
sys 0.02
real 5.14
user 5.27
sys 0.00
real 5.15
user 5.24
sys 0.04
real 5.17
user 5.27
sys 0.03
real 5.14
user 5.24
sys 0.02
