real 2.39
user 5.93
sys 0.11
real 2.23
user 5.61
sys 0.13
real 2.23
user 5.60
sys 0.08
real 2.20
user 5.60
sys 0.11
real 2.24
user 5.63
sys 0.10
real 2.24
user 5.63
sys 0.10
real 2.23
user 5.66
sys 0.06
real 2.24
user 5.65
sys 0.08
real 2.24
user 5.66
sys 0.10
real 2.23
user 5.63
sys 0.11
real 2.23
user 5.67
sys 0.09
real 2.20
user 5.54
sys 0.13
real 2.24
user 5.69
sys 0.04
real 2.23
user 5.62
sys 0.10
real 2.23
user 5.61
sys 0.10
real 2.23
user 5.59
sys 0.10
real 2.23
user 5.61
sys 0.08
real 2.23
user 5.66
sys 0.07
real 2.24
user 5.66
sys 0.09
real 2.23
user 5.66
sys 0.08
real 2.24
user 5.67
sys 0.08
real 2.23
user 5.64
sys 0.09
real 2.23
user 5.62
sys 0.09
real 2.23
user 5.65
sys 0.07
real 2.23
user 5.65
sys 0.09
real 2.23
user 5.63
sys 0.09
real 2.23
user 5.68
sys 0.07
real 2.23
user 5.69
sys 0.04
real 2.23
user 5.66
sys 0.07
real 2.23
user 5.67
sys 0.05
real 2.23
user 5.62
sys 0.07
