real 2.40
user 5.95
sys 0.12
real 2.22
user 5.67
sys 0.08
real 2.22
user 5.63
sys 0.12
real 2.22
user 5.69
sys 0.07
real 2.22
user 5.71
sys 0.06
real 2.22
user 5.64
sys 0.12
real 2.23
user 5.68
sys 0.09
real 2.21
user 5.67
sys 0.08
real 2.22
user 5.71
sys 0.04
real 2.22
user 5.67
sys 0.08
real 2.22
user 5.67
sys 0.09
real 2.22
user 5.69
sys 0.07
real 2.23
user 5.71
sys 0.06
real 2.22
user 5.67
sys 0.10
real 2.22
user 5.67
sys 0.10
real 2.21
user 5.63
sys 0.12
real 2.22
user 5.66
sys 0.09
real 2.22
user 5.67
sys 0.09
real 2.22
user 5.69
sys 0.07
real 2.22
user 5.68
sys 0.07
real 2.22
user 5.69
sys 0.08
real 2.22
user 5.67
sys 0.10
real 2.22
user 5.67
sys 0.08
real 2.22
user 5.67
sys 0.09
real 2.22
user 5.67
sys 0.09
real 2.21
user 5.68
sys 0.07
real 2.21
user 5.67
sys 0.08
real 2.22
user 5.73
sys 0.04
real 2.22
user 5.68
sys 0.08
real 2.22
user 5.68
sys 0.08
real 2.22
user 5.64
sys 0.11

//Output das respectivas execuções

13438.68758673322
12959.936730041603
12156.304392505008
13626.654896894242
11915.92026620108
12182.955718494788
11860.50381826337
13243.066710728872
13540.045105666573
13002.900072951641
13357.087953946058
12547.804333081116
11086.623008429533
12883.559160338984
12480.057474194835
11073.936274489794
13233.934162405561
14457.390033867026
12890.272796187239
11690.018689648856
14289.501734540521
11662.613626926823
12883.157423192086
13700.04943022886
13256.025250653858
13271.50602719047
13093.02757956554
12195.908871684713
12347.03517050591
11645.282465243525
12183.810911571054