
real 3.62
user 8.96
sys 0.08
real 3.47
user 8.59
sys 0.12
real 3.46
user 8.61
sys 0.09
real 3.46
user 8.61
sys 0.11
real 3.46
user 8.67
sys 0.06
real 3.46
user 8.63
sys 0.10
real 3.46
user 8.63
sys 0.08
real 3.46
user 8.63
sys 0.09
real 3.45
user 8.64
sys 0.07
real 3.44
user 8.61
sys 0.09
real 3.46
user 8.64
sys 0.08
real 3.45
user 8.59
sys 0.11
real 3.46
user 8.61
sys 0.09
real 3.45
user 8.61
sys 0.09
real 3.46
user 8.65
sys 0.07
real 3.45
user 8.63
sys 0.07
real 3.45
user 8.60
sys 0.11
real 3.45
user 8.62
sys 0.09
real 3.47
user 8.63
sys 0.10
real 3.46
user 8.63
sys 0.08
real 3.46
user 8.60
sys 0.11
real 3.45
user 8.58
sys 0.12
real 3.46
user 8.61
sys 0.11
real 3.45
user 8.61
sys 0.10
real 3.45
user 8.61
sys 0.10
real 3.46
user 8.64
sys 0.09
real 3.45
user 8.62
sys 0.10
real 3.47
user 8.67
sys 0.06
real 3.45
user 8.62
sys 0.08
real 3.45
user 8.62
sys 0.10
real 3.46
user 8.65
sys 0.08

//Output das respectivas execuções

26953.99396940208
27016.692982460943
25218.54309389643
26188.01362526968
25453.20857182893
26224.806159498097
22788.967240122176
32238.193570945714
27711.516097481763
28353.438653159246
27425.593506667534
27621.713340688988
23020.72282496192
26930.97573499749
25025.281123539437
26508.592023006207
29740.523755486804
28213.807241339226
27180.478661158726
29430.58015994777
27685.026416693887
25707.845523090557
28643.607428773725
30245.50641810698
26506.3806516439
25725.343168676118
26007.932522005573
26860.499915470064
27809.61183833949
27231.488332494606
30110.21661438018