real 15.70
user 42.51
sys 0.42
real 15.48
user 42.16
sys 0.46
real 15.57
user 42.35
sys 0.44
real 15.48
user 42.20
sys 0.45
real 15.51
user 42.22
sys 0.39
real 15.51
user 42.25
sys 0.37
real 15.53
user 42.27
sys 0.40
real 15.49
user 42.18
sys 0.45
real 15.50
user 42.24
sys 0.40
real 15.55
user 42.27
sys 0.39
real 15.52
user 42.29
sys 0.37
real 15.54
user 42.26
sys 0.41
real 15.53
user 42.31
sys 0.40
real 15.47
user 42.17
sys 0.40
real 15.53
user 42.29
sys 0.37
real 15.48
user 42.19
sys 0.38
real 15.56
user 42.32
sys 0.36
real 15.51
user 42.27
sys 0.39
real 15.50
user 42.20
sys 0.41
real 15.47
user 42.16
sys 0.41
real 15.50
user 42.23
sys 0.40
real 15.50
user 42.22
sys 0.37
real 15.66
user 42.38
sys 0.38
real 15.49
user 42.21
sys 0.40
real 15.51
user 42.30
sys 0.37
real 15.53
user 42.23
sys 0.39
real 15.51
user 42.18
sys 0.42
real 15.47
user 42.13
sys 0.44
real 15.48
user 42.22
sys 0.39
real 15.58
user 42.23
sys 0.43
real 15.50
user 42.28
sys 0.35

//Output das respectivas execuções

16325.258169481012
18609.67749683415
14502.883123029853
15861.386343300694
17283.743198305496
16171.37427596796
16849.345924187626
17368.077807177964
15965.122249859203
15474.652289993977
17551.814216429073
18484.42162734982
14763.73712843468
16223.292317806381
17121.637721305793
16459.676001557986
18321.784001959906
17688.904075653314
16702.36044781194
15150.268124060669
17554.673185953397
16511.32542635155
16767.54656735443
16785.974092554407
16991.565319194353
16703.335070663736
16870.529262769858
15769.3135774374
15471.634139921294
16065.61105118463
16092.005278225612